<?xml version="1.0" encoding="UTF-8" ?>
<testsuite errors="0" failures="0" hostname="gavin-XPS-13-9343" name="expressivo.CommandsTest" skipped="0" tests="8" time="0.299" timestamp="2017-03-13T16:15:34">
  <properties>
[...]
</properties>
  <testcase classname="expressivo.CommandsTest" name="testDifferentiateCombination" time="0.063" />
  <testcase classname="expressivo.CommandsTest" name="testSimplifyPlus" time="0.042" />
  <testcase classname="expressivo.CommandsTest" name="testSimplifyMathExpression" time="0.053" />
  <testcase classname="expressivo.CommandsTest" name="testAssertionsEnabled" time="0.0" />
  <testcase classname="expressivo.CommandsTest" name="testDifferentiateTimes" time="0.025" />
  <testcase classname="expressivo.CommandsTest" name="testSimplifyCombo" time="0.014" />
  <testcase classname="expressivo.CommandsTest" name="testSimplifyTimes" time="0.015" />
  <testcase classname="expressivo.CommandsTest" name="testDifferentiatePlus" time="0.016" />
  <system-out><![CDATA[x*x*1+x*x*1+x*1
]]></system-out>
  <system-err><![CDATA[]]></system-err>
</testsuite>
