<?xml version="1.0" encoding="UTF-8" ?>
<testsuite errors="0" failures="2" hostname="gavin-XPS-13-9343" name="warmup.staff.QuadraticTest" skipped="0" tests="3" time="0.073" timestamp="2016-10-11T18:24:34">
  <properties>
[...]
</properties>
  <testcase classname="warmup.staff.QuadraticTest" name="testRealRoots" time="0.007">
    <failure message="expected:&lt;[]&gt; but was:&lt;[0]&gt;" type="junit.framework.AssertionFailedError">junit.framework.AssertionFailedError: expected:&lt;[]&gt; but was:&lt;[0]&gt;
	at warmup.staff.QuadraticTest.testRealRoots(QuadraticTest.java:37)
</failure>
  </testcase>
  <testcase classname="warmup.staff.QuadraticTest" name="testComplexRoots" time="0.001">
    <failure message="expected:&lt;[]&gt; but was:&lt;[-1, 1]&gt;" type="junit.framework.AssertionFailedError">junit.framework.AssertionFailedError: expected:&lt;[]&gt; but was:&lt;[-1, 1]&gt;
	at warmup.staff.QuadraticTest.testComplexRoots(QuadraticTest.java:43)
</failure>
  </testcase>
  <testcase classname="warmup.staff.QuadraticTest" name="testOneDegenerateRoot" time="0.001" />
  <system-out><![CDATA[]]></system-out>
  <system-err><![CDATA[]]></system-err>
</testsuite>
